<?xml version="1.0" encoding="UTF-8"?>
<!-- Generated by org.testng.reporters.JUnitXMLReporter -->
<testsuite hostname="Mypc" ignored="0" name="Default test" tests="3" failures="0" timestamp="14 Mar 2019 16:10:27 GMT" time="32.905" errors="0">
  <testcase name="titleTest" time="21.003" classname="com.qa.tests.LoginTestclass"/>
  <testcase name="logoTest" time="0.047" classname="com.qa.tests.LoginTestclass"/>
  <testcase name="loginTest" time="11.774" classname="com.qa.tests.LoginTestclass"/>
</testsuite> <!-- Default test -->
