<?xml version="1.0" encoding="UTF-8"?>
<!-- Generated by org.testng.reporters.JUnitXMLReporter -->
<testsuite hostname="Mypc" ignored="0" name="loginTest" tests="3" failures="0" timestamp="28 Sep 2019 15:03:23 GMT" time="30.026" errors="0">
  <testcase name="titleTest" time="0.012" classname="com.qa.tests.LoginTestclass"/>
  <testcase name="logoTest" time="0.048" classname="com.qa.tests.LoginTestclass"/>
  <testcase name="loginTest" time="7.363" classname="com.qa.tests.LoginTestclass"/>
</testsuite> <!-- loginTest -->
