<?xml version="1.0" encoding="UTF-8"?>
<!-- Generated by org.testng.reporters.JUnitXMLReporter -->
<testsuite hostname="Mypc" ignored="0" name="loginTest" tests="3" failures="0" timestamp="28 Sep 2019 14:02:57 GMT" time="36.443" errors="0">
  <testcase name="titleTest" time="0.028" classname="com.qa.tests.LoginTestclass"/>
  <testcase name="logoTest" time="0.059" classname="com.qa.tests.LoginTestclass"/>
  <testcase name="loginTest" time="8.727" classname="com.qa.tests.LoginTestclass"/>
</testsuite> <!-- loginTest -->
