<?xml version="1.0" encoding="UTF-8"?>
<testng-results skipped="0" failed="0" ignored="0" total="3" passed="3">
  <reporter-output>
  </reporter-output>
  <suite name="DemotestFireAutomation" duration-ms="30026" started-at="2019-09-28T15:02:52Z" finished-at="2019-09-28T15:03:22Z">
    <groups>
    </groups>
    <test name="loginTest" duration-ms="30026" started-at="2019-09-28T15:02:52Z" finished-at="2019-09-28T15:03:22Z">
      <class name="com.qa.tests.LoginTestclass">
        <test-method status="PASS" signature="inittest()[pri:0, instance:com.qa.tests.LoginTestclass@7f690630]" name="inittest" is-config="true" duration-ms="7764" started-at="2019-09-28T15:02:52Z" finished-at="2019-09-28T15:03:00Z">
          <reporter-output>
          </reporter-output>
        </test-method> <!-- inittest -->
        <test-method status="PASS" signature="titleTest()[pri:1, instance:com.qa.tests.LoginTestclass@7f690630]" name="titleTest" duration-ms="12" started-at="2019-09-28T15:03:00Z" finished-at="2019-09-28T15:03:00Z">
          <reporter-output>
          </reporter-output>
        </test-method> <!-- titleTest -->
        <test-method status="PASS" signature="close()[pri:0, instance:com.qa.tests.LoginTestclass@7f690630]" name="close" is-config="true" duration-ms="627" started-at="2019-09-28T15:03:00Z" finished-at="2019-09-28T15:03:01Z">
          <reporter-output>
          </reporter-output>
        </test-method> <!-- close -->
        <test-method status="PASS" signature="inittest()[pri:0, instance:com.qa.tests.LoginTestclass@7f690630]" name="inittest" is-config="true" duration-ms="5791" started-at="2019-09-28T15:03:01Z" finished-at="2019-09-28T15:03:06Z">
          <reporter-output>
          </reporter-output>
        </test-method> <!-- inittest -->
        <test-method status="PASS" signature="logoTest()[pri:2, instance:com.qa.tests.LoginTestclass@7f690630]" name="logoTest" duration-ms="48" started-at="2019-09-28T15:03:06Z" finished-at="2019-09-28T15:03:06Z">
          <reporter-output>
          </reporter-output>
        </test-method> <!-- logoTest -->
        <test-method status="PASS" signature="close()[pri:0, instance:com.qa.tests.LoginTestclass@7f690630]" name="close" is-config="true" duration-ms="644" started-at="2019-09-28T15:03:06Z" finished-at="2019-09-28T15:03:07Z">
          <reporter-output>
          </reporter-output>
        </test-method> <!-- close -->
        <test-method status="PASS" signature="inittest()[pri:0, instance:com.qa.tests.LoginTestclass@7f690630]" name="inittest" is-config="true" duration-ms="7045" started-at="2019-09-28T15:03:07Z" finished-at="2019-09-28T15:03:14Z">
          <reporter-output>
          </reporter-output>
        </test-method> <!-- inittest -->
        <test-method status="PASS" signature="loginTest()[pri:3, instance:com.qa.tests.LoginTestclass@7f690630]" name="loginTest" duration-ms="7363" started-at="2019-09-28T15:03:14Z" finished-at="2019-09-28T15:03:22Z">
          <reporter-output>
          </reporter-output>
        </test-method> <!-- loginTest -->
        <test-method status="PASS" signature="close()[pri:0, instance:com.qa.tests.LoginTestclass@7f690630]" name="close" is-config="true" duration-ms="676" started-at="2019-09-28T15:03:22Z" finished-at="2019-09-28T15:03:22Z">
          <reporter-output>
          </reporter-output>
        </test-method> <!-- close -->
      </class> <!-- com.qa.tests.LoginTestclass -->
    </test> <!-- loginTest -->
  </suite> <!-- DemotestFireAutomation -->
</testng-results>
