<?xml version="1.0" encoding="UTF-8"?>
<testng-results skipped="0" failed="0" ignored="0" total="3" passed="3">
  <reporter-output>
  </reporter-output>
  <suite name="Default suite" duration-ms="32905" started-at="2019-03-14T16:09:54Z" finished-at="2019-03-14T16:10:27Z">
    <groups>
    </groups>
    <test name="Default test" duration-ms="32905" started-at="2019-03-14T16:09:54Z" finished-at="2019-03-14T16:10:27Z">
      <class name="com.qa.tests.LoginTestclass">
        <test-method status="PASS" signature="titleTest()[pri:1, instance:com.qa.tests.LoginTestclass@26be92ad]" name="titleTest" duration-ms="21003" started-at="2019-03-14T16:09:54Z" finished-at="2019-03-14T16:10:15Z">
          <reporter-output>
          </reporter-output>
        </test-method> <!-- titleTest -->
        <test-method status="PASS" signature="logoTest()[pri:2, instance:com.qa.tests.LoginTestclass@26be92ad]" name="logoTest" duration-ms="47" started-at="2019-03-14T16:10:15Z" finished-at="2019-03-14T16:10:15Z">
          <reporter-output>
          </reporter-output>
        </test-method> <!-- logoTest -->
        <test-method status="PASS" signature="loginTest()[pri:3, instance:com.qa.tests.LoginTestclass@26be92ad]" name="loginTest" duration-ms="11774" started-at="2019-03-14T16:10:15Z" finished-at="2019-03-14T16:10:27Z">
          <reporter-output>
          </reporter-output>
        </test-method> <!-- loginTest -->
      </class> <!-- com.qa.tests.LoginTestclass -->
    </test> <!-- Default test -->
  </suite> <!-- Default suite -->
</testng-results>
